<?xml version="1.0" encoding="UTF-8"?>
<!-- Generated by org.testng.reporters.JUnitXMLReporter -->
<testsuite ignored="0" hostname="DESKTOP-PDHRC70" failures="0" tests="3" name="Default test" time="64.821" errors="0" timestamp="2024-08-10T19:47:17 IST">
  <testcase classname="com.comcast.crm.orgtest.CreateOrganisationTest" name="createOrgTest" time="13.486"/>
  <testcase classname="com.comcast.crm.orgtest.CreateOrganisationTest" name="createOrgWithIndAndType" time="12.142"/>
  <testcase classname="com.comcast.crm.orgtest.CreateOrganisationTest" name="createOrgWithPhone" time="11.972"/>
</testsuite> <!-- Default test -->
