<?xml version="1.0" encoding="UTF-8"?>
<!-- Generated by org.testng.reporters.JUnitXMLReporter -->
<testsuite ignored="6" hostname="DESKTOP-PDHRC70" failures="0" tests="2" name="Test" time="66.157" errors="0" timestamp="2024-08-10T18:38:18 IST">
  <testcase classname="com.comcast.crm.contacttest.CreateContactTest" name="createContactTest" time="14.028"/>
  <testcase classname="com.comcast.crm.orgtest.CreateOrganisationTest" name="createOrgTest" time="18.451"/>
  <testcase classname="com.comcast.crm.baseutility.BaseClass" name="@BeforeSuite confBeforeSuite" time="0.0">
    <ignored/>
  </testcase> <!-- @BeforeSuite confBeforeSuite -->
  <testcase classname="com.comcast.crm.contacttest.CreateContactTest" name="createContactWithOrg" time="0.0">
    <ignored/>
  </testcase> <!-- createContactWithOrg -->
  <testcase classname="com.comcast.crm.orgtest.CreateOrganisationTest" name="createOrgWithIndAndType" time="0.0">
    <ignored/>
  </testcase> <!-- createOrgWithIndAndType -->
  <testcase classname="com.comcast.crm.contacttest.CreateContactTest" name="createContactSupportDateTest" time="0.0">
    <ignored/>
  </testcase> <!-- createContactSupportDateTest -->
  <testcase classname="com.comcast.crm.orgtest.CreateOrganisationTest" name="createOrgWithPhone" time="0.0">
    <ignored/>
  </testcase> <!-- createOrgWithPhone -->
  <testcase classname="com.comcast.crm.baseutility.BaseClass" name="@AfterSuite confAfterSuite" time="0.0">
    <ignored/>
  </testcase> <!-- @AfterSuite confAfterSuite -->
</testsuite> <!-- Test -->
