<?xml version="1.0" encoding="UTF-8"?>
<!-- Generated by org.testng.reporters.JUnitXMLReporter -->
<testsuite ignored="3" hostname="DESKTOP-PDHRC70" failures="0" tests="0" time="0.019" errors="0" timestamp="2024-08-14T16:12:43 IST">
  <testcase classname="com.comcast.crm.contacttest.CreateContactTest" name="createContactTest" time="0.0">
    <ignored/>
  </testcase> <!-- createContactTest -->
  <testcase classname="com.comcast.crm.contacttest.CreateContactTest" name="createContactWithOrg" time="0.0">
    <ignored/>
  </testcase> <!-- createContactWithOrg -->
  <testcase classname="com.comcast.crm.contacttest.CreateContactTest" name="createContactSupportDateTest" time="0.0">
    <ignored/>
  </testcase> <!-- createContactSupportDateTest -->
</testsuite>
