<?xml version="1.0" encoding="UTF-8"?>
<testng-results ignored="0" total="1" passed="1" failed="0" skipped="0">
  <reporter-output>
  </reporter-output>
  <suite started-at="2024-08-12T19:22:46 IST" name="Default suite" finished-at="2024-08-12T19:27:10 IST" duration-ms="263920">
    <groups>
    </groups>
    <test started-at="2024-08-12T19:22:46 IST" name="Default test" finished-at="2024-08-12T19:27:10 IST" duration-ms="263920">
      <class name="com.comcast.crm.leadsTest.CreateLeadTest">
        <test-method is-config="true" signature="confBeforeSuite()[pri:0, instance:com.comcast.crm.leadsTest.CreateLeadTest@7c137fd5]" started-at="2024-08-12T19:22:22 IST" name="confBeforeSuite" finished-at="2024-08-12T19:22:46 IST" duration-ms="24268" status="PASS">
          <reporter-output>
          </reporter-output>
        </test-method> <!-- confBeforeSuite -->
        <test-method is-config="true" signature="configBeforeclass()[pri:0, instance:com.comcast.crm.leadsTest.CreateLeadTest@7c137fd5]" started-at="2024-08-12T19:22:46 IST" name="configBeforeclass" finished-at="2024-08-12T19:23:40 IST" duration-ms="53708" status="PASS">
          <reporter-output>
          </reporter-output>
        </test-method> <!-- configBeforeclass -->
        <test-method is-config="true" signature="configBeforeMethod()[pri:0, instance:com.comcast.crm.leadsTest.CreateLeadTest@7c137fd5]" started-at="2024-08-12T19:23:40 IST" name="configBeforeMethod" finished-at="2024-08-12T19:24:27 IST" duration-ms="46684" status="PASS">
          <reporter-output>
          </reporter-output>
        </test-method> <!-- configBeforeMethod -->
        <test-method signature="createLeadTest()[pri:0, instance:com.comcast.crm.leadsTest.CreateLeadTest@7c137fd5]" started-at="2024-08-12T19:24:27 IST" name="createLeadTest" finished-at="2024-08-12T19:26:45 IST" duration-ms="138195" status="PASS">
          <reporter-output>
          </reporter-output>
        </test-method> <!-- createLeadTest -->
        <test-method is-config="true" signature="configAfterMethod()[pri:0, instance:com.comcast.crm.leadsTest.CreateLeadTest@7c137fd5]" started-at="2024-08-12T19:26:45 IST" name="configAfterMethod" finished-at="2024-08-12T19:27:00 IST" duration-ms="15347" status="PASS">
          <reporter-output>
          </reporter-output>
        </test-method> <!-- configAfterMethod -->
        <test-method is-config="true" signature="configAfterclass()[pri:0, instance:com.comcast.crm.leadsTest.CreateLeadTest@7c137fd5]" started-at="2024-08-12T19:27:00 IST" name="configAfterclass" finished-at="2024-08-12T19:27:10 IST" duration-ms="9883" status="PASS">
          <reporter-output>
          </reporter-output>
        </test-method> <!-- configAfterclass -->
        <test-method is-config="true" signature="confAfterSuite()[pri:0, instance:com.comcast.crm.leadsTest.CreateLeadTest@7c137fd5]" started-at="2024-08-12T19:27:10 IST" name="confAfterSuite" finished-at="2024-08-12T19:27:31 IST" duration-ms="20660" status="FAIL">
          <exception class="java.lang.NullPointerException">
            <message>
              <![CDATA[Cannot invoke "java.sql.Connection.close()" because "this.con" is null]]>
            </message>
            <full-stacktrace>
              <![CDATA[java.lang.NullPointerException: Cannot invoke "java.sql.Connection.close()" because "this.con" is null
at com.comcast.crm.generic.databaseutility.DataBaseUtility.closedbConnection(DataBaseUtility.java:33)
at com.comcast.crm.baseutility.BaseClass.confAfterSuite(BaseClass.java:50)
at java.base/jdk.internal.reflect.DirectMethodHandleAccessor.invoke(DirectMethodHandleAccessor.java:103)
at java.base/java.lang.reflect.Method.invoke(Method.java:580)
at org.testng.internal.invokers.MethodInvocationHelper.invokeMethod(MethodInvocationHelper.java:139)
at org.testng.internal.invokers.MethodInvocationHelper.invokeMethodConsideringTimeout(MethodInvocationHelper.java:69)
at org.testng.internal.invokers.ConfigInvoker.invokeConfigurationMethod(ConfigInvoker.java:361)
at org.testng.internal.invokers.ConfigInvoker.invokeConfigurations(ConfigInvoker.java:296)
at org.testng.SuiteRunner.privateRun(SuiteRunner.java:404)
at org.testng.SuiteRunner.run(SuiteRunner.java:330)
at org.testng.SuiteRunnerWorker.runSuite(SuiteRunnerWorker.java:52)
at org.testng.SuiteRunnerWorker.run(SuiteRunnerWorker.java:95)
at org.testng.TestNG.runSuitesSequentially(TestNG.java:1256)
at org.testng.TestNG.runSuitesLocally(TestNG.java:1176)
at org.testng.TestNG.runSuites(TestNG.java:1099)
at org.testng.TestNG.run(TestNG.java:1067)
at org.testng.remote.AbstractRemoteTestNG.run(AbstractRemoteTestNG.java:115)
at org.testng.remote.RemoteTestNG.initAndRun(RemoteTestNG.java:293)
at org.testng.remote.RemoteTestNG.main(RemoteTestNG.java:91)
]]>
            </full-stacktrace>
          </exception> <!-- java.lang.NullPointerException -->
          <reporter-output>
          </reporter-output>
        </test-method> <!-- confAfterSuite -->
      </class> <!-- com.comcast.crm.leadsTest.CreateLeadTest -->
    </test> <!-- Default test -->
  </suite> <!-- Default suite -->
</testng-results>
