<?xml version="1.0" encoding="UTF-8"?>
<testng-results ignored="3" total="3" passed="0" failed="0" skipped="0">
  <reporter-output>
  </reporter-output>
  <suite started-at="2024-08-14T16:12:43 IST" name="Suite" finished-at="2024-08-14T16:12:43 IST" duration-ms="19">
    <groups>
    </groups>
    <test started-at="2024-08-14T16:12:43 IST" name="Test" finished-at="2024-08-14T16:12:43 IST" duration-ms="19">
      <class name="com.comcast.crm.contacttest.CreateContactTest">
        <test-method is-config="true" signature="confBeforeSuite()[pri:0, instance:com.comcast.crm.contacttest.CreateContactTest@443118b0]" started-at="2024-08-14T16:12:43 IST" name="confBeforeSuite" finished-at="2024-08-14T16:12:43 IST" duration-ms="54" status="PASS">
          <reporter-output>
          </reporter-output>
        </test-method> <!-- confBeforeSuite -->
        <test-method is-config="true" signature="confAfterSuite()[pri:0, instance:com.comcast.crm.contacttest.CreateContactTest@443118b0]" started-at="2024-08-14T16:12:43 IST" name="confAfterSuite" finished-at="2024-08-14T16:12:43 IST" duration-ms="1" status="PASS">
          <reporter-output>
          </reporter-output>
        </test-method> <!-- confAfterSuite -->
      </class> <!-- com.comcast.crm.contacttest.CreateContactTest -->
    </test> <!-- Test -->
  </suite> <!-- Suite -->
</testng-results>
